#
# There is insufficient memory for the Java Runtime Environment to continue.
# Native memory allocation (mmap) failed to map 134217728 bytes for G1 virtual space
# Possible reasons:
#   The system is out of physical RAM or swap space
#   The process is running with CompressedOops enabled, and the Java Heap may be blocking the growth of the native heap
# Possible solutions:
#   Reduce memory load on the system
#   Increase physical memory or swap space
#   Check if swap backing store is full
#   Decrease Java heap size (-Xmx/-Xms)
#   Decrease number of Java threads
#   Decrease Java thread stack sizes (-Xss)
#   Set larger code cache with -XX:ReservedCodeCacheSize=
#   JVM is running with Unscaled Compressed Oops mode in which the Java heap is
#     placed in the first 4GB address space. The Java Heap base address is the
#     maximum limit for the native heap growth. Please use -XX:HeapBaseMinAddress
#     to set the Java Heap base and to place the Java Heap above 4GB virtual address.
# This output file may be truncated or incomplete.
#
#  Out of Memory Error (os_windows.cpp:3613), pid=17680, tid=17700
#
# JRE version:  (17.0.10+7) (build )
# Java VM: OpenJDK 64-Bit Server VM (17.0.10+7, mixed mode, sharing, tiered, compressed oops, compressed class ptrs, g1 gc, windows-amd64)
# No core dump will be written. Minidumps are not enabled by default on client versions of Windows
#

---------------  S U M M A R Y ------------

Command Line: -XX:+ShowCodeDetailsInExceptionMessages com.dette.Main

Host: Intel(R) Core(TM) i5-6300U CPU @ 2.40GHz, 4 cores, 7G,  Windows 11 , 64 bit Build 22000 (10.0.22000.318)
Time: Wed Sep 18 22:22:28 2024 São Tomé (heure standard) elapsed time: 0.019483 seconds (0d 0h 0m 0s)

---------------  T H R E A D  ---------------

Current thread (0x000001762c9e84f0):  JavaThread "Unknown thread" [_thread_in_vm, id=17700, stack(0x0000005778000000,0x0000005778100000)]

Stack: [0x0000005778000000,0x0000005778100000]
Native frames: (J=compiled Java code, j=interpreted, Vv=VM code, C=native code)
V  [jvm.dll+0x67d2c9]
V  [jvm.dll+0x834afa]
V  [jvm.dll+0x8365be]
V  [jvm.dll+0x836c23]
V  [jvm.dll+0x2477ff]
V  [jvm.dll+0x67a109]
V  [jvm.dll+0x66eb7a]
V  [jvm.dll+0x30764b]
V  [jvm.dll+0x30eaf6]
V  [jvm.dll+0x35e83e]
V  [jvm.dll+0x35ea6f]
V  [jvm.dll+0x2de248]
V  [jvm.dll+0x2df1b4]
V  [jvm.dll+0x806361]
V  [jvm.dll+0x36c6f1]
V  [jvm.dll+0x7e4e06]
V  [jvm.dll+0x3eff3f]
V  [jvm.dll+0x3f1b71]
C  [jli.dll+0x528f]
C  [ucrtbase.dll+0x26c0c]
C  [KERNEL32.DLL+0x154e0]
C  [ntdll.dll+0x485b]


---------------  P R O C E S S  ---------------

Threads class SMR info:
_java_thread_list=0x00007ff85fc7ee98, length=0, elements={
}

Java Threads: ( => current thread )

Other Threads:
  0x000001762ca41e00 GCTaskThread "GC Thread#0" [stack: 0x0000005778100000,0x0000005778200000] [id=17704]
  0x000001762ca529d0 ConcurrentGCThread "G1 Main Marker" [stack: 0x0000005778200000,0x0000005778300000] [id=17708]
  0x000001762ca533f0 ConcurrentGCThread "G1 Conc#0" [stack: 0x0000005778300000,0x0000005778400000] [id=17712]

[error occurred during error reporting (printing all threads), id 0xc0000005, EXCEPTION_ACCESS_VIOLATION (0xc0000005) at pc=0x00007ff85f43ec87]

VM state: not at safepoint (not fully initialized)

VM Mutex/Monitor currently owned by a thread:  ([mutex/lock_event])
[0x000001762c9e34e0] Heap_lock - owner thread: 0x000001762c9e84f0

Heap address: 0x0000000081c00000, size: 2020 MB, Compressed Oops mode: 32-bit

CDS archive(s) mapped at: [0x0000000000000000-0x0000000000000000-0x0000000000000000), size 0, SharedBaseAddress: 0x0000000800000000, ArchiveRelocationMode: 1.
Narrow klass base: 0x0000000000000000, Narrow klass shift: 0, Narrow klass range: 0x0

GC Precious Log:
<Empty>

Heap:
 garbage-first heap   total 0K, used 0K [0x0000000081c00000, 0x0000000100000000)
  region size 1024K, 0 young (0K), 0 survivors (0K)

[error occurred during error reporting (printing heap information), id 0xc0000005, EXCEPTION_ACCESS_VIOLATION (0xc0000005) at pc=0x00007ff85f826fb9]

GC Heap History (0 events):
No events

Dll operation events (1 events):
Event: 0.009 Loaded shared library C:\Program Files\Eclipse Adoptium\jdk-17.0.10.7-hotspot\bin\java.dll

Deoptimization events (0 events):
No events

Classes unloaded (0 events):
No events

Classes redefined (0 events):
No events

Internal exceptions (0 events):
No events

VM Operations (0 events):
No events

Events (0 events):
No events


Dynamic libraries:
0x00007ff616de0000 - 0x00007ff616dee000 	C:\Program Files\Eclipse Adoptium\jdk-17.0.10.7-hotspot\bin\java.exe
0x00007ff8cf400000 - 0x00007ff8cf607000 	C:\Windows\SYSTEM32\ntdll.dll
0x00007ff8ce850000 - 0x00007ff8ce90d000 	C:\Windows\System32\KERNEL32.DLL
0x00007ff8ccc10000 - 0x00007ff8ccf84000 	C:\Windows\System32\KERNELBASE.dll
0x00007ff8cca70000 - 0x00007ff8ccb81000 	C:\Windows\System32\ucrtbase.dll
0x00007ff8b9300000 - 0x00007ff8b9317000 	C:\Program Files\Eclipse Adoptium\jdk-17.0.10.7-hotspot\bin\jli.dll
0x00007ff8b6dc0000 - 0x00007ff8b6ddb000 	C:\Program Files\Eclipse Adoptium\jdk-17.0.10.7-hotspot\bin\VCRUNTIME140.dll
0x00007ff8ce910000 - 0x00007ff8ceabc000 	C:\Windows\System32\USER32.dll
0x00007ff8cd050000 - 0x00007ff8cd076000 	C:\Windows\System32\win32u.dll
0x00007ff8cf0b0000 - 0x00007ff8cf0d9000 	C:\Windows\System32\GDI32.dll
0x00007ff8cc950000 - 0x00007ff8cca62000 	C:\Windows\System32\gdi32full.dll
0x00007ff8b7d50000 - 0x00007ff8b7ff5000 	C:\Windows\WinSxS\amd64_microsoft.windows.common-controls_6595b64144ccf1df_6.0.22000.120_none_9d947278b86cc467\COMCTL32.dll
0x00007ff8cd080000 - 0x00007ff8cd11d000 	C:\Windows\System32\msvcp_win.dll
0x00007ff8cf0e0000 - 0x00007ff8cf183000 	C:\Windows\System32\msvcrt.dll
0x00007ff8cee30000 - 0x00007ff8cee61000 	C:\Windows\System32\IMM32.DLL
0x00007ff8b9a10000 - 0x00007ff8b9a1c000 	C:\Program Files\Eclipse Adoptium\jdk-17.0.10.7-hotspot\bin\vcruntime140_1.dll
0x00007ff88d780000 - 0x00007ff88d80d000 	C:\Program Files\Eclipse Adoptium\jdk-17.0.10.7-hotspot\bin\msvcp140.dll
0x00007ff85f150000 - 0x00007ff85fdb2000 	C:\Program Files\Eclipse Adoptium\jdk-17.0.10.7-hotspot\bin\server\jvm.dll
0x00007ff8ceff0000 - 0x00007ff8cf09c000 	C:\Windows\System32\ADVAPI32.dll
0x00007ff8ced90000 - 0x00007ff8cee2d000 	C:\Windows\System32\sechost.dll
0x00007ff8cd290000 - 0x00007ff8cd3b1000 	C:\Windows\System32\RPCRT4.dll
0x00007ff8cc610000 - 0x00007ff8cc65d000 	C:\Windows\SYSTEM32\POWRPROF.dll
0x00007ff8c3d60000 - 0x00007ff8c3d93000 	C:\Windows\SYSTEM32\WINMM.dll
0x00007ff8b9580000 - 0x00007ff8b9589000 	C:\Windows\SYSTEM32\WSOCK32.dll
0x00007ff8bc780000 - 0x00007ff8bc78a000 	C:\Windows\SYSTEM32\VERSION.dll
0x00007ff8cf220000 - 0x00007ff8cf28f000 	C:\Windows\System32\WS2_32.dll
0x00007ff8cc5f0000 - 0x00007ff8cc603000 	C:\Windows\SYSTEM32\UMPDC.dll
0x00007ff8cba70000 - 0x00007ff8cba88000 	C:\Windows\SYSTEM32\kernel.appcore.dll
0x00007ff8b8a80000 - 0x00007ff8b8a8a000 	C:\Program Files\Eclipse Adoptium\jdk-17.0.10.7-hotspot\bin\jimage.dll
0x00007ff8c7420000 - 0x00007ff8c7641000 	C:\Windows\SYSTEM32\DBGHELP.DLL
0x00007ff8a7e00000 - 0x00007ff8a7e31000 	C:\Windows\SYSTEM32\dbgcore.DLL
0x00007ff8ccb90000 - 0x00007ff8ccc10000 	C:\Windows\System32\bcryptPrimitives.dll
0x00007ff8a6a60000 - 0x00007ff8a6a85000 	C:\Program Files\Eclipse Adoptium\jdk-17.0.10.7-hotspot\bin\java.dll

dbghelp: loaded successfully - version: 4.0.5 - missing functions: none
symbol engine: initialized successfully - sym options: 0x614 - pdb path: .;C:\Program Files\Eclipse Adoptium\jdk-17.0.10.7-hotspot\bin;C:\Windows\SYSTEM32;C:\Windows\WinSxS\amd64_microsoft.windows.common-controls_6595b64144ccf1df_6.0.22000.120_none_9d947278b86cc467;C:\Program Files\Eclipse Adoptium\jdk-17.0.10.7-hotspot\bin\server

VM Arguments:
jvm_args: -XX:+ShowCodeDetailsInExceptionMessages 
java_command: com.dette.Main
java_class_path (initial): C:\Users\HP\Desktop\Dossier Dossier\Java\demo\target\classes;C:\Users\HP\.m2\repository\org\projectlombok\lombok\1.18.34\lombok-1.18.34.jar
Launcher Type: SUN_STANDARD

[Global flags]
     intx CICompilerCount                          = 3                                         {product} {ergonomic}
     uint ConcGCThreads                            = 1                                         {product} {ergonomic}
     uint G1ConcRefinementThreads                  = 4                                         {product} {ergonomic}
   size_t G1HeapRegionSize                         = 1048576                                   {product} {ergonomic}
    uintx GCDrainStackTargetSize                   = 64                                        {product} {ergonomic}
   size_t InitialHeapSize                          = 134217728                                 {product} {ergonomic}
   size_t MarkStackSize                            = 4194304                                   {product} {ergonomic}
   size_t MaxHeapSize                              = 2118123520                                {product} {ergonomic}
   size_t MinHeapDeltaBytes                        = 1048576                                   {product} {ergonomic}
   size_t MinHeapSize                              = 8388608                                   {product} {ergonomic}
    uintx NonNMethodCodeHeapSize                   = 5832780                                {pd product} {ergonomic}
    uintx NonProfiledCodeHeapSize                  = 122912730                              {pd product} {ergonomic}
    uintx ProfiledCodeHeapSize                     = 122912730                              {pd product} {ergonomic}
    uintx ReservedCodeCacheSize                    = 251658240                              {pd product} {ergonomic}
     bool SegmentedCodeCache                       = true                                      {product} {ergonomic}
     bool ShowCodeDetailsInExceptionMessages       = true                                   {manageable} {command line}
   size_t SoftMaxHeapSize                          = 2118123520                             {manageable} {ergonomic}
     bool UseCompressedClassPointers               = true                           {product lp64_product} {ergonomic}
     bool UseCompressedOops                        = true                           {product lp64_product} {ergonomic}
     bool UseG1GC                                  = true                                      {product} {ergonomic}
     bool UseLargePagesIndividualAllocation        = false                                  {pd product} {ergonomic}

Logging:
Log output configuration:
 #0: stdout all=warning uptime,level,tags
 #1: stderr all=off uptime,level,tags

Environment Variables:
PATH=C:\Program Files\Eclipse Adoptium\jdk-17.0.10.7-hotspot\bin;C:\Windows\system32;C:\Windows;C:\Windows\System32\Wbem;C:\Windows\System32\WindowsPowerShell\v1.0\;C:\Windows\System32\OpenSSH\;C:\Program Files\dotnet\;C:\Program Files\Git\cmd;C:\Users\HP\Desktop\PHP;C:\Program Files\nodejs\;C:\Program Files (x86)\dotnet\;C:\ProgramData\ComposerSetup\bin;C:\Users\HP\AppData\Local\Programs\Python\Python311\Scripts\;C:\Users\HP\AppData\Local\Programs\Python\Python311\;C:\Users\HP\AppData\Local\Microsoft\WindowsApps;C:\Users\HP\AppData\Local\Programs\Microsoft VS Code\bin;C:\Users\HP\AppData\Roaming\npm;C:\Program Files\PHP;C:\wamp64\bin\mysql\mysql8.3.0\bin;C:\Users\HP\AppData\Roaming\Composer\vendor\bin;C:\Program Files (x86)\ComposerSetup;C:\Program Files\Apache\Maven\apache-maven-3.9.8\bin
USERNAME=HP
LANG=fr_FR.UTF-8
OS=Windows_NT
PROCESSOR_IDENTIFIER=Intel64 Family 6 Model 78 Stepping 3, GenuineIntel
TMP=C:\Users\HP\AppData\Local\Temp
TEMP=C:\Users\HP\AppData\Local\Temp



Periodic native trim disabled


---------------  S Y S T E M  ---------------

OS:
 Windows 11 , 64 bit Build 22000 (10.0.22000.318)
OS uptime: 12 days 2:55 hours

CPU: total 4 (initial active 4) (2 cores per cpu, 2 threads per core) family 6 model 78 stepping 3 microcode 0xd6, cx8, cmov, fxsr, ht, mmx, 3dnowpref, sse, sse2, sse3, ssse3, sse4.1, sse4.2, popcnt, lzcnt, tsc, tscinvbit, avx, avx2, aes, erms, clmul, bmi1, bmi2, rtm, adx, fma, vzeroupper, clflush, clflushopt
Processor Information for all 4 processors :
  Max Mhz: 2496, Current Mhz: 2396, Mhz Limit: 2396

Memory: 4k page, system-wide physical 8072M (1735M free)
TotalPageFile size 13513M (AvailPageFile size 125M)
current process WorkingSet (physical memory assigned to process): 10M, peak: 10M
current process commit charge ("private bytes"): 52M, peak: 179M

vm_info: OpenJDK 64-Bit Server VM (17.0.10+7) for windows-amd64 JRE (17.0.10+7), built on Jan 16 2024 23:25:11 by "admin" with MS VC++ 16.10 / 16.11 (VS2019)

END.
